# JRE version: OpenJDK Runtime Environment (17.0.11) (build 17.0.11+0-17.0.11b1207.24-11852314)
# Java VM: OpenJDK 64-Bit Server VM (17.0.11+0-17.0.11b1207.24-11852314, mixed mode, tiered, compressed oops, compressed class ptrs, g1 gc, bsd-amd64)
GC Precious Log:
 CPUs: 6 total, 6 available
 Memory: 16384M
 Large Page Support: Disabled
 NUMA Support: Disabled
 Compressed Oops: Enabled (Zero based)
 Heap Region Size: 2M
 Heap Min Capacity: 8M
 Heap Initial Capacity: 256M
 Heap Max Capacity: 4G
 Pre-touch: Disabled
 Parallel Workers: 6
 Concurrent Workers: 2
 Concurrent Refinement Workers: 6
 Periodic GC: Disabled
Heap:
 garbage-first heap   total 538624K, used 265918K [0x0000000700000000, 0x0000000800000000)
  region size 2048K, 18 young (36864K), 0 survivors (0K)
 Metaspace       used 168161K, committed 170624K, reserved 1245184K
  class space    used 23032K, committed 23936K, reserved 1048576K
GC Heap History (20 events):
Event: 4266.831 GC heap before
{Heap before GC invocations=82 (full 0):
 garbage-first heap   total 538624K, used 360448K [0x0000000700000000, 0x0000000800000000)
  region size 2048K, 93 young (190464K), 7 survivors (14336K)
 Metaspace       used 109101K, committed 110464K, reserved 1179648K
  class space    used 15072K, committed 15616K, reserved 1048576K
}
Event: 4266.887 GC heap after
{Heap after GC invocations=83 (full 0):
 garbage-first heap   total 538624K, used 195485K [0x0000000700000000, 0x0000000800000000)
  region size 2048K, 5 young (10240K), 5 survivors (10240K)
 Metaspace       used 109101K, committed 110464K, reserved 1179648K
  class space    used 15072K, committed 15616K, reserved 1048576K
}
Event: 4271.802 GC heap before
{Heap before GC invocations=83 (full 0):
 garbage-first heap   total 538624K, used 426909K [0x0000000700000000, 0x0000000800000000)
  region size 2048K, 119 young (243712K), 5 survivors (10240K)
 Metaspace       used 132095K, committed 133504K, reserved 1179648K
  class space    used 18359K, committed 18944K, reserved 1048576K
}
Event: 4271.840 GC heap after
{Heap after GC invocations=84 (full 0):
 garbage-first heap   total 538624K, used 211384K [0x0000000700000000, 0x0000000800000000)
  region size 2048K, 12 young (24576K), 12 survivors (24576K)
 Metaspace       used 132095K, committed 133504K, reserved 1179648K
  class space    used 18359K, committed 18944K, reserved 1048576K
}
Event: 4274.547 GC heap before
{Heap before GC invocations=84 (full 0):
 garbage-first heap   total 538624K, used 418232K [0x0000000700000000, 0x0000000800000000)
  region size 2048K, 114 young (233472K), 12 survivors (24576K)
 Metaspace       used 136580K, committed 138240K, reserved 1179648K
  class space    used 19046K, committed 19712K, reserved 1048576K
}
Event: 4274.602 GC heap after
{Heap after GC invocations=85 (full 0):
 garbage-first heap   total 538624K, used 240911K [0x0000000700000000, 0x0000000800000000)
  region size 2048K, 15 young (30720K), 15 survivors (30720K)
 Metaspace       used 136580K, committed 138240K, reserved 1179648K
  class space    used 19046K, committed 19712K, reserved 1048576K
}
Event: 4282.006 GC heap before
{Heap before GC invocations=85 (full 0):
 garbage-first heap   total 538624K, used 423183K [0x0000000700000000, 0x0000000800000000)
  region size 2048K, 104 young (212992K), 15 survivors (30720K)
 Metaspace       used 144349K, committed 146112K, reserved 1179648K
  class space    used 20162K, committed 20864K, reserved 1048576K
}
Event: 4282.105 GC heap after
{Heap after GC invocations=86 (full 0):
 garbage-first heap   total 538624K, used 270336K [0x0000000700000000, 0x0000000800000000)
  region size 2048K, 13 young (26624K), 13 survivors (26624K)
 Metaspace       used 144349K, committed 146112K, reserved 1179648K
  class space    used 20162K, committed 20864K, reserved 1048576K
}
Event: 4283.933 GC heap before
{Heap before GC invocations=86 (full 0):
 garbage-first heap   total 538624K, used 423936K [0x0000000700000000, 0x0000000800000000)
  region size 2048K, 88 young (180224K), 13 survivors (26624K)
 Metaspace       used 151943K, committed 153792K, reserved 1245184K
  class space    used 21097K, committed 21824K, reserved 1048576K
}
Event: 4283.986 GC heap after
{Heap after GC invocations=87 (full 0):
 garbage-first heap   total 538624K, used 296960K [0x0000000700000000, 0x0000000800000000)
  region size 2048K, 11 young (22528K), 11 survivors (22528K)
 Metaspace       used 151943K, committed 153792K, reserved 1245184K
  class space    used 21097K, committed 21824K, reserved 1048576K
}
Event: 4286.204 GC heap before
{Heap before GC invocations=87 (full 0):
 garbage-first heap   total 538624K, used 432128K [0x0000000700000000, 0x0000000800000000)
  region size 2048K, 76 young (155648K), 11 survivors (22528K)
 Metaspace       used 162497K, committed 164416K, reserved 1245184K
  class space    used 22513K, committed 23296K, reserved 1048576K
}
Event: 4286.241 GC heap after
{Heap after GC invocations=88 (full 0):
 garbage-first heap   total 538624K, used 312845K [0x0000000700000000, 0x0000000800000000)
  region size 2048K, 7 young (14336K), 7 survivors (14336K)
 Metaspace       used 162497K, committed 164416K, reserved 1245184K
  class space    used 22513K, committed 23296K, reserved 1048576K
}
Event: 4287.669 GC heap before
{Heap before GC invocations=88 (full 0):
 garbage-first heap   total 538624K, used 439821K [0x0000000700000000, 0x0000000800000000)
  region size 2048K, 68 young (139264K), 7 survivors (14336K)
 Metaspace       used 164221K, committed 166144K, reserved 1245184K
  class space    used 22642K, committed 23424K, reserved 1048576K
}
Event: 4287.687 GC heap after
{Heap after GC invocations=89 (full 0):
 garbage-first heap   total 538624K, used 321624K [0x0000000700000000, 0x0000000800000000)
  region size 2048K, 5 young (10240K), 5 survivors (10240K)
 Metaspace       used 164221K, committed 166144K, reserved 1245184K
  class space    used 22642K, committed 23424K, reserved 1048576K
}
Event: 4289.605 GC heap before
{Heap before GC invocations=89 (full 0):
 garbage-first heap   total 538624K, used 446552K [0x0000000700000000, 0x0000000800000000)
  region size 2048K, 64 young (131072K), 5 survivors (10240K)
 Metaspace       used 165000K, committed 166912K, reserved 1245184K
  class space    used 22686K, committed 23424K, reserved 1048576K
}
Event: 4289.627 GC heap after
{Heap after GC invocations=90 (full 0):
 garbage-first heap   total 538624K, used 324158K [0x0000000700000000, 0x0000000800000000)
  region size 2048K, 7 young (14336K), 7 survivors (14336K)
 Metaspace       used 165000K, committed 166912K, reserved 1245184K
  class space    used 22686K, committed 23424K, reserved 1048576K
}
Event: 4291.554 GC heap before
{Heap before GC invocations=90 (full 0):
 garbage-first heap   total 538624K, used 447038K [0x0000000700000000, 0x0000000800000000)
  region size 2048K, 66 young (135168K), 7 survivors (14336K)
 Metaspace       used 167716K, committed 169664K, reserved 1245184K
  class space    used 22993K, committed 23808K, reserved 1048576K
}
Event: 4291.574 GC heap after
{Heap after GC invocations=91 (full 0):
 garbage-first heap   total 538624K, used 330973K [0x0000000700000000, 0x0000000800000000)
  region size 2048K, 8 young (16384K), 8 survivors (16384K)
 Metaspace       used 167716K, committed 169664K, reserved 1245184K
  class space    used 22993K, committed 23808K, reserved 1048576K
}
Event: 4291.879 GC heap before
{Heap before GC invocations=91 (full 0):
 garbage-first heap   total 538624K, used 357597K [0x0000000700000000, 0x0000000800000000)
  region size 2048K, 21 young (43008K), 8 survivors (16384K)
 Metaspace       used 168416K, committed 170496K, reserved 1245184K
  class space    used 23093K, committed 23936K, reserved 1048576K
}
Event: 4292.356 GC heap after
{Heap after GC invocations=92 (full 1):
 garbage-first heap   total 538624K, used 231102K [0x0000000700000000, 0x0000000800000000)
  region size 2048K, 0 young (0K), 0 survivors (0K)
 Metaspace       used 167823K, committed 170496K, reserved 1245184K
  class space    used 22958K, committed 23936K, reserved 1048576K
}

